<?xml version="1.0" encoding="UTF-8"?>
<!-- Generated by org.testng.reporters.JUnitReportReporter -->
<testsuite hostname="LAPTOP-MBSU2G8L" failures="0" tests="1" name="com.amazon.testscripts.TC002" time="16.099" errors="0" timestamp="2024-08-13T20:23:08 IST" skipped="0">
  <testcase classname="com.amazon.testscripts.TC002" name="tc002" time="16.099">
    <system-out>
      <![CDATA[Launguage selected sucessfully]]>
    </system-out>
  </testcase> <!-- tc002 -->
  <system-out>
    <![CDATA[ITEM ADDED SUCESSFULLY
Launguage selected sucessfully]]>
  </system-out>
</testsuite> <!-- com.amazon.testscripts.TC002 -->
