<?xml version="1.0" encoding="UTF-8"?>
<!-- Generated by org.testng.reporters.JUnitReportReporter -->
<testsuite hostname="LAPTOP-MBSU2G8L" failures="0" tests="1" name="com.amazon.testscripts.TC001" time="15.531" errors="0" timestamp="2024-08-13T20:23:08 IST" skipped="0">
  <testcase classname="com.amazon.testscripts.TC001" name="tc001" time="15.531">
    <system-out>
      <![CDATA[ITEM ADDED SUCESSFULLY]]>
    </system-out>
  </testcase> <!-- tc001 -->
  <system-out>
    <![CDATA[ITEM ADDED SUCESSFULLY
Launguage selected sucessfully]]>
  </system-out>
</testsuite> <!-- com.amazon.testscripts.TC001 -->
